[    0000] Intiaizg cgrupsusys cpset[   .00000]Inializincgup subyspu
[  00000] italincgrou ssy cpuct
[    .0000] nu version 4.4.-7geeric (uid@lcy-1 (gcc rsn 5..0010609 (buu .40-butu~16.04.) #93-Ubntu SP i ar 31 1407:4 UC 207 (Ubuntu .40-793-gnec .4.9)
[   .00000Comand in BOT_IAGE/bt/vminz-.40-72-geriroot=LABEcldimgrofsrocoso=tty1 coso=tyS0
[    0.000000] KERNEL supported cus
   0.0000] Intel GenuineInel
[   0000]  AMD AuthenticAMD
[    0.000000]   Centaur CentaurHauls
[    0.000000]x86/fpu xat_ofse2]  5, tate_sizes[2]:  256
[    00000 x86/fp: uprting XAVfeture0x: x87 flatg oint egtes'
[    0.00000]x86/fpu: Spprting XSAVE feature 0x02: 'SS registers'
   0.00000 x6/pu: uprtng XSAV ftue x0 'VXreiser'
[   .0000] x6/u:Enable xat features 0x ctext zes 832 te, usin 'anar' orat.
[    0.00000]x8fpu:Usnglazy' U ntexswtces.
[   .00000e80: BS-ovidedphicl RAM ap
[    0000] OS820:[m 000000000000x0000009fbf] abe
[  000000]BI-e82 [m 0x000000009fc0-0x00000009ffff]rerved
[   0.000]BIOS-20[mem x00000000f000-x00000000fff reserve
  0.00000 BS-e820:[m 00000000000100000-0x000000003ffeffff] usable
[    0.000000] BIOS-e820: [mem 0x000000003fff0000-0x000000003fffffff] ACPI data
[    0.000000] BIOS-e820: [mem 0x00000000fec00000-0x00000000fec00fff] reserved
[    0.000000] BIOS-e820: [mem 0x00000000fee00000-0x00000000fee00fff] reserved
[    0.000000] BIOS-e820: [mem 0x00000000fffc0000-0x00000000ffffffff] reserved
[    0.000000] NX (ecteDibl) protection: active
[    0.00000] SMBOS.5 prse.
[  00000] yprvsor ette: KVM[  0.00000 e82: last_pfn= x3fff0 maxar_pn = 0000000   00000 MRRDiabled
  0.0000] x86/PAT:MTRs disabled, skippngPA initilization too.
[    0.000000] x86/PAT: Configuration [0-7]: WB  WT  UC U  B T UC- UC  
[   00000 C MRR a bank - viruaze system.
   00000 fnd SMMPtale at [mem 0x000fff-00009fff] mappedatfff800009ff0]
[    0.000000] Scanning 1 areas for l mmor crutin[   0.0000 RAMIS: mem 036e2000x378ff]
[  00000 AI: Erltalehesum verification disabld    0.0000 ACP: DP0x0000000E0000 0024(v2 VBX  )
[  0.0000 API: SD0x000003FFF03000003C (01BO   VBOXS 0000001ASL  00000061
   000000] PI: FACPx0000003FFF000004 04 VOX  BOFAP 00001 SL  0006)
[  00000] PI DSD 0000000FF040 0210F v01 BOX   VBOXOS000000 ITL0100528
[   .000000]AC: FACS 0x00000003FFF000 00040
[    0.000000]ACI:FA 0000000FF02 0040
   0.0000]CPI: PIC 000000000FF0240 00005C (v0 VOX  VBOXAIC 000001 AS  00000)
[  0.00000]ACPI: SSDT 0000000FFF02 01CC (v01 VOX   VBOXCPU0000002 INTL 20100528)
[  000000]o NUMA onfigutin found
[   00000]akng a no a [memx000000000000-000000003ffeffff]
[    000000]NO_DTA(0) allocated [mem 0x3ffeb000-0x3ffeffff]
[    0.000000] kvm-clock: Using msrs 4b564d0 a 4564d0
   0.0000] vm-coc cu 0,ms0:ffe3001 pimy cpu clock
[    0.000000] kvm-clock: using sched offset of 3154845665 cycles
[    0.000000] clocksource: kvmclk: mask0xffffffffffma_cles:0xcde4dfb,axidle_s:819059143 s
   0.0000Zoneans:
[  000000] D     [m x00000000010-0000000000fffff
   0.00000] DA32   [m x000000100000-0x00003ffff]
[  0.0000  oral  pt
[   0.000]  vie   mpy
[   .00000] Movblezoe star fr ach de
[   .0000]Ealymemorynode ranges
[   0.00000]  nde  0: em0x0000000010000x00000009ef][    0.000]  de 0: me0x00000000000-0x0000000fefff][   0000] Intm setp node  [mm x000000000000-x000003feff][    .00000 API PMTir O Pot: x408
[   .0000] IAPC[: apc_ 2 verio32 addes 0ec0000, I -2
  0.000000AC: IN_SC_VR bus  b_iq 0 lol_rq d dfl
  0.0000 ACPI: INT_SRC_VR(bus 0 busir9 lol_q 9 ghevel
   000000Usng APIMAT) for SMP configurioinfomaon
[    0.000000 sbot: Aowg 2 CUs0 otplg Us
[    .000] PM: egiserd ose emor [emx000000-0000ff]
[    0.00000] : Regiterednovememory [m x0009000x009fff
[   0.000] M: Rgierd nosa mmory:[m 0000a00x000efff]
[   0.000] PM:egtere nav memry[mem 000000-0x000fff
    .000] e820: em0x40000-xfebffff] aaiable for PCI devices
    0.000000] Boin parviuaizekenel on KVM
[   00000 ccksorc rfinejiies: sk0xffffff m_cyces 0ffffff, x_dl_n 74551960118 ns[  0.0000]etup_percp: NRCPS:512nrcpask_bis:2 nr_cu_ds nr_od_is:
[   00000] PECP Ebeed3 paespu@fff00fc000 8264 19d2871u18576[   0.000]PVqsnlck has tblentrs:56 (orer 0,406 tes)
[   .000] uit 1 zonlis in odorermoilty gouin o..  Tta pes: 291
  0.0000] liy zoe:MA2
[  00000 Knel mmd line:BO_IAGE=bo/vlinuz-.4-72-gerc rotLAL=loudimrofs ro nse=tt1 nslettS0
[    00000] D astalentrie: 46 (order: 3, 32768 bytes)    0000000] emy: 100800K/480K aaibl (82Kerne cde 1293Krwta, 3976K rodata, 1484K init 16Kbss,63K reered 0 cma-rseed
[    0.000] LUB: aln=64Orr=0- MObjets, PU2,odes=1[   .0000]Hierachca RU imlentatio.
[    00000] 	Build-time djtmnt ofle fnout to 64
  0.000000]	R restrictg PU fomR_PUS=12o r_cpid2.
[   0.000] RC: jutig omtry fr u_anutea=6, _cu_ids
   0.0000NR_IR:302 n_iqs44 16
[   0000] nslecour VG+ 825
[   0.000] cso [tt1]enled   0.000] csoe ttyS eabed
[  0000000] tsc: Detected 2494.226 MHz processor
[   23.360919] Calibrating delay loop (skipped) preset value.. 4988.45 BogoMIPS (lpj=9976904)
[   23.512048] pid_max: default: 32768 minimum: 301
[   23.553137] ACPI: Core revision 20150930
[   23.566790] ACPI: 2 ACPI AML tables successfully acquired and loaded
[   23.629089] Security Framework initialized
[   23.649639] Yama: becoming mindful.
[   23.653704] AppArmor: AppArmor initialized
[   23.673020] Dentry cache hash table entries: 131072 (order: 8, 1048576 bytes)
[   23.756953] Inode-cache hash table entries: 65536 (order: 7, 524288 bytes)
[   23.831192] Mount-cache hash table entries: 2048 (order: 2, 16384 bytes)
[   23.885617] Mountpoint-cache hash table entries: 2048 (order: 2, 16384 bytes)
[   23.980600] Initializing cgroup subsys io
[   24.032847] Initializing cgroup subsys memory
[   24.077249] Initializing cgroup subsys devices
[   24.148722] Initializing cgroup subsys freezer
[   24.233197] Initializing cgroup subsys net_cls
[   24.311932] Initializing cgroup subsys perf_event
[   24.381079] Initializing cgroup subsys net_prio
[   24.453157] Initializing cgroup subsys hugetlb
[   24.453863] Initializing cgroup subsys pids
[   24.525561] CPU: Physical Processor ID: 0
[   24.604295] CPU: Processor Core ID: 0
[   24.635223] mce: CPU supports 0 MCE banks
[   24.704235] Last level iTLB entries: 4KB 1024, 2MB 1024, 4MB 1024
[   24.773429] Last level dTLB entries: 4KB 1024, 2MB 1024, 4MB 1024, 1GB 4
[   24.842542] Freeing SMP alternatives memory: 32K (ffffffff820b8000 - ffffffff820c0000)
[   24.933916] ftrace: allocating 32111 entries in 126 pages
[   25.050143] smpboot: APIC(0) Converting physical 0 to logical package 0
[   25.136285] smpboot: Max logical packages: 1
[   25.199903] x2apic enabled
[   25.226691] Switched APIC routing to physical x2apic.
[   25.249846] ..TIMER: vector=0x30 apic1=0 pin1=2 apic2=-1 pin2=-1
[   25.473237] smpboot: CPU0: Intel(R) Core(TM) i7-4870HQ CPU @ 2.50GHz (family: 0x6, model: 0x46, stepping: 0x1)
[   25.629389] Performance Events: unsupported p6 CPU model 70 no PMU driver, software events only.
[   25.745350] KVM setup paravirtual spinlock
[   25.824764] x86: Booting SMP configuration:
[   25.904053] .... node  #0, CPUs:      #1
[   25.961578] kvm-clock: cpu 1, msr 0:3ffe3041, secondary cpu clock
[   25.993017] mce: CPU supports 0 MCE banks
[   26.023428] x86: Booted up 1 node, 2 CPUs
[   26.066829] smpboot: Total of 2 processors activated (9976.90 BogoMIPS)
[   26.141651] devtmpfs: initialized
[   26.193026] evm: security.selinux
[   26.239747] evm: security.SMACK64
[   26.298402] evm: security.SMACK64EXEC
[   26.347502] evm: security.SMACK64TRANSMUTE
[   26.403605] evm: security.SMACK64MMAP
[   26.460389] evm: security.ima
[   26.498672] evm: security.capability
[   26.558577] clocksource: jiffies: mask: 0xffffffff max_cycles: 0xffffffff, max_idle_ns: 7645041785100000 ns
[   26.660759] pinctrl core: initialized pinctrl subsystem
[   26.743933] RTC time: 21:36:49, date: 04/23/17
[   26.786201] NET: Registered protocol family 16
[   26.845980] cpuidle: using governor ladder
[   26.933890] cpuidle: using governor menu
[   26.997417] PCCT header not found.
[   27.041321] ACPI: bus type PCI registered
[   27.087786] acpiphp: ACPI Hot Plug PCI Controller Driver version: 0.5
[   27.142267] PCI: Using configuration type 1 for base access
[   27.165575] ACPI: Added _OSI(Module Device)
[   27.233902] ACPI: Added _OSI(Processor Device)
[   27.312513] ACPI: Added _OSI(3.0 _SCP Extensions)
[   27.361465] ACPI: Added _OSI(Processor Aggregator Device)
[   27.363343] ACPI: Executed 1 blocks of module-level executable AML code
[   27.475911] ACPI: Interpreter enabled
[   27.536014] ACPI: (supports S0 S5)
[   27.602198] ACPI: Using IOAPIC for interrupt routing
[   27.693483] PCI: Using host bridge windows from ACPI; if necessary, use "pci=nocrs" and report a bug
[   27.804066] ACPI: PCI Root Bridge [PCI0] (domain 0000 [bus 00-ff])
[   27.836822] acpi PNP0A03:00: _OSC: OS supports [ASPM ClockPM Segments MSI]
[   27.899516] acpi PNP0A03:00: _OSC failed (AE_NOT_FOUND); disabling ASPM
[   27.935329] acpi PNP0A03:00: fail to add MMCONFIG information, can't access extended PCI configuration space under this bridge.
[   27.965261] PCI host bridge to bus 0000:00
[   28.022239] pci_bus 0000:00: root bus resource [io  0x0000-0x0cf7 window]
[   28.167736] pci_bus 0000:00: root bus resource [io  0x0d00-0xffff window]
[   28.249040] pci_bus 0000:00: root bus resource [mem 0x000a0000-0x000bffff window]
[   28.381373] pci_bus 0000:00: root bus resource [mem 0x40000000-0xffdfffff window]
[   28.512226] pci_bus 0000:00: root bus resource [bus 00-ff]
[   28.623316] pci 0000:00:01.1: legacy IDE quirk: reg 0x10: [io  0x01f0-0x01f7]
[   28.754389] pci 0000:00:01.1: legacy IDE quirk: reg 0x14: [io  0x03f6]
[   28.812579] pci 0000:00:01.1: legacy IDE quirk: reg 0x18: [io  0x0170-0x0177]
[   28.813928] pci 0000:00:01.1: legacy IDE quirk: reg 0x1c: [io  0x0376]
[   28.956060] pci 0000:00:07.0: quirk: [io  0x4000-0x403f] claimed by PIIX4 ACPI
[   29.108881] pci 0000:00:07.0: quirk: [io  0x4100-0x410f] claimed by PIIX4 SMB
[   29.192530] ACPI: PCI Interrupt Link [LNKA] (IRQs 5 9 10 *11)
[   29.252865] ACPI: PCI Interrupt Link [LNKB] (IRQs 5 9 10 *11)
[   29.262292] ACPI: PCI Interrupt Link [LNKC] (IRQs 5 9 *10 11)
[   29.331169] ACPI: PCI Interrupt Link [LNKD] (IRQs 5 *9 10 11)
[   29.354811] ACPI: Enabled 2 GPEs in block 00 to 07
[   29.435715] vgaarb: setting as boot device: PCI:0000:00:02.0
[   29.534900] vgaarb: device added: PCI:0000:00:02.0,decodes=io+mem,owns=io+mem,locks=none
[   29.710041] vgaarb: loaded
[   29.732302] vgaarb: bridge control possible 0000:00:02.0
[   29.804989] SCSI subsystem initialized
[   29.858323] ACPI: bus type USB registered
[   29.952621] usbcore: registered new interface driver usbfs
[   30.035140] usbcore: registered new interface driver hub
[   30.139993] usbcore: registered new device driver usb
[   30.196238] PCI: Using ACPI for IRQ routing
[   30.273065] NetLabel: Initializing
[   30.322797] NetLabel:  domain hash size = 128
[   30.376117] NetLabel:  protocols = UNLABELED CIPSOv4
[   30.428448] NetLabel:  unlabeled traffic allowed by default
[   30.471224] amd_nb: Cannot enumerate AMD northbridges
[   30.575938] clocksource: Switched to clocksource kvm-clock
[   .691 AppArmr:ppmoFisyem naed[ 312057pn: nPCPIini
  1.74] p:nPCPI: fnd dvis
[   32.031146] clocksource: acpi_pm: mask: 0xffffff max_cycles: 0xffffff, max_idle_ns: 2085701024 ns
[   32.228400] NET: Registered protocol family 2
[   32.296990] TCP established hash table entries: 8192 (order: 4, 65536 bytes)
[   32.417627] TCP bind hash table entries: 8192 (order: 5, 131072 bytes)
[   32.504837] TCP: Hash tables configured (established 8192 bind 8192)
[   32.557563] UDP hash table entries: 512 (order: 2, 16384 bytes)
[   32.585683] UDP-Lite hash table entries: 512 (order: 2, 16384 bytes)
[   32.611568] NET: Registered protocol family 1
[   32.632333] pci 0000:00:00.0: Limiting direct PCI/PCI transfers
[   32.658290] pci 0000:00:01.0: Activating ISA DMA hang workarounds
[   32.680607] Unpacking initramfs...
[   34.432810] Freeing initrd memory: 10780K (ffff880036ae2000 - ffff880037569000)
[   34.478842] platform rtc_cmos: registered platform RTC device (no PNP device found)
[   34.647028] Scanning for low memory corruption every 60 seconds
[   34.748520] futex hash table entries: 512 (order: 3, 32768 bytes)
[   34.829308] audit: initializing netlink subsys (disabled)
[   34.844397] audit: type=2000 audit(1492983392.807:1): initialized
[   34.896806] Initialise system trusted keyring
[   34.919040] HugeTLB registered 2 MB page size, pre-allocated 0 pages
[   34.928834] zbud: loaded
[   34.934704] VFS: Disk quotas dquot_6.6.0
[   34.935489] VFS: Dquot-cache hash table entries: 512 (order 0, 4096 bytes)
[   35.095326] squashfs: version 4.0 (2009/01/31) Phillip Lougher
[   35.194283] fuse init (API version 7.23)
[   35.267580] Key type big_key registered
[   35.326507] Allocating IMA MOK and blacklist keyrings.
[   35.446665] Key type asymmetric registered
[   35.522614] tsc: Refined TSC clocksource calibration: 2495.622 MHz
[   35.530240] Asymmetric key parser 'x509' registered
ÿ[   35.530299] Block layer SCSI generic (bsg) driver version 0.4 loaded (major 249)
[   35.530333] io scheduler noop registered
[   35.530335] io scheduler deadline registered (default)
[   35.530360] io scheduler cfq registered
[   35.530451] pci_hotplug: PCI Hot Plug PCI Core version: 0.5
[   35.530456] pciehp: PCI Express Hot Plug Controller Driver version: 0.4
[   35.530768] ACPI: AC Adapter [AC] (on-line)
[   35.530812] input: Power Button as /devices/LNXSYSTM:00/LNXPWRBN:00/input/input0
[   35.530815] ACPI: Power Button [PWRF]
[   35.530885] input: Sleep Button as /devices/LNXSYSTM:00/LNXSLPBN:00/input/input1
[   35.530886] ACPI: Sleep Button [SLPF]
[   35.531003] GHES: HEST is not enabled!
[   35.531812] ACPI: Battery Slot [BAT0] (battery present)
[   35.689261] Serial: 8250/16550 driver, 32 ports, IRQ sharing enabled
[   35.783943] 00:02: ttyS0 at I/O 0x3f8 (irq = 4, base_baud = 115200) is a 16550A
[   35.914488] Linux agpgart interface v0.103
[   35.940131] loop: module loaded
[   35.940569] scsi host0: ata_piix
[   35.940611] scsi host1: ata_piix
[   35.940635] ata1: PATA max UDMA/33 cmd 0x1f0 ctl 0x3f6 bmdma 0xd000 irq 14
[   35.940635] ata2: PATA max UDMA/33 cmd 0x170 ctl 0x376 bmdma 0xd008 irq 15
[   35.940691] libphy: Fixed MDIO Bus: probed
[   35.940693] tun: Universal TUN/TAP device driver, 1.6
[   35.940693] tun: (C) 1999-2004 Max Krasnyansky <maxk@qualcomm.com>
[   35.940960] PPP generic driver version 2.4.2
[   35.941005] ehci_hcd: USB 2.0 'Enhanced' Host Controller (EHCI) Driver
[   35.941008] ehci-pci: EHCI PCI platform driver
[   35.941020] ehci-platform: EHCI generic platform driver
[   35.941026] ohci_hcd: USB 1.1 'Open' Host Controller (OHCI) Driver
[   35.941028] ohci-pci: OHCI PCI platform driver
[   35.941034] ohci-platform: OHCI generic platform driver
[   35.941039] uhci_hcd: USB Universal Host Controller Interface driver
[   35.941082] i8042: PNP: PS/2 Controller [PNP0303:PS2K,PNP0f03:PS2M] at 0x60,0x64 irq 1,12
[   35.941475] serio: i8042 KBD port at 0x60,0x64 irq 1
[   35.941478] serio: i8042 AUX port at 0x60,0x64 irq 12
[   35.941552] mousedev: PS/2 mouse device common for all mice
[   35.941788] input: AT Translated Set 2 keyboard as /devices/platform/i8042/serio0/input/input2
[   35.942066] rtc_cmos rtc_cmos: rtc core: registered rtc_cmos as rtc0
[   35.942112] rtc_cmos rtc_cmos: alarms up to one day, 114 bytes nvram
[   35.942117] i2c /dev entries driver
[   35.942159] device-mapper: uevent: version 1.0.3
[   35.942200] device-mapper: ioctl: 4.34.0-ioctl (2015-10-28) initialised: dm-devel@redhat.com
[   35.942216] ledtrig-cpu: registered to indicate activity on CPUs
[   35.942728] NET: Registered protocol family 10
[   35.942856] NET: Registered protocol family 17
[   35.942873] Key type dns_resolver registered
[   35.942984] microcode: CPU0 sig=0x40661, pf=0x40, revision=0x0
[   35.952284] microcode: CPU1 sig=0x40661, pf=0x40, revision=0x0
[   35.952340] microcode: Microcode Update Driver: v2.01 <tigran@aivazian.fsnet.co.uk>, Peter Oruba
[   35.952450] registered taskstats version 1[   35.952462] Loading compiled-in X.509 certificates
[   35.953009] Loaded X.509 cert 'Build time autogenerated kernel key: 04ae903e4643330d1fe41947e79c28b436494994'
[   35.953033] zswap: loaded using pool lzo/zbud
[   35.954298] Key type trusted registered
[   35.956226] Key type encrypted registered
[   35.956230] AppArmor: AppArmor sha1 policy hashing enabled
[   35.956232] ima: No TPM chip found, activating TPM-bypass!
[   35.956248] evm: HMAC attrs: 0x1
[   35.956450]   Magic number: 13:525:652
[   36.007196] rtc_cmos rtc_cmos: setting system clock to 2017-04-23 21:36:59 UTC (1492983419)
[   36.007360] BIOS EDD facility v0.16 2004-Jun-25, 0 devices found
[   36.007360] EDD information not available.
[   39.254514] clocksource: tsc: mask: 0xffffffffffffffff max_cycles: 0x23f9121eb0b, max_idle_ns: 440795267170 ns
[   39.294018] Freeing unused kernel memory: 1484K (ffffffff81f45000 - ffffffff820b8000)
[   39.361877] Write protecting the kernel read-only data: 14336k
[   39.363222] Freeing unused kernel memory: 1776K (ffff880001844000 - ffff880001a00000)
[   39.421586] Freeing unused kernel memory: 120K (ffff880001de2000 - ffff880001e00000)
Loading, please [   40.781063] random: systemd-udevd: uninitialized urandom read (16 bytes read, 5 bits of entropy available)
wait...
starting version 229
[   40.781892] random: udevadm: uninitialized urandom read (16 bytes read, 5 bits of entropy available)
[   40.781934] random: udevadm: uninitialized urandom read (16 bytes read, 5 bits of entropy available)
[   40.782083] random: udevadm: uninitialized urandom read (16 bytes read, 5 bits of entropy available)
[   40.782156] random: udevadm: uninitialized urandom read (16 bytes read, 5 bits of entropy available)
[   40.782212] random: udevadm: uninitialized urandom read (16 bytes read, 5 bits of entropy available)
[   40.782268] random: udevadm: uninitialized urandom read (16 bytes read, 5 bits of entropy available)
[   40.782306] random: udevadm: uninitialized urandom read (16 bytes read, 5 bits of entropy available)
[   40.782334] random: udevadm: uninitialized urandom read (16 bytes read, 5 bits of entropy available)
[   40.782364] random: udevadm: uninitialized urandom read (16 bytes read, 5 bits of entropy available)
[   41.974787] e1000: Intel(R) PRO/1000 Network Driver - version 7.3.21-k8-NAPI
[   42.054066] e1000: Copyright (c) 1999-2006 Intel Corporation.
[   42.214272] Fusion MPT base driver 3.04.20
[   42.291640] Copyright (c) 1999-2008 LSI Corporation
[   42.317885] Fusion MPT SPI Host driver 3.04.20
[   42.365157] AVX version of gcm_enc/dec engaged.
[   42.383951] AES CTR mode by8 optimization enabled
[   42.564345] input: ImExPS/2 Generic Explorer Mouse as /devices/platform/i8042/serio1/input/input4
[   42.707438] e1000 0000:00:03.0 eth0: (PCI:33MHz:32-bit) 02:72:60:9c:65:f4
[   42.732723] e1000 0000:00:03.0 eth0: Intel(R) PRO/1000 Network Connection
[   42.734332] mptbase: ioc0: Initiating bringup
[   42.734557] e1000 0000:00:03.0 enp0s3: renamed from eth0
[   42.814474] ioc0: LSI53C1030 A0: Capabilities={Initiator}
[   43.816117] scsi host2: ioc0: LSI53C1030 A0, FwRev=00000000h, Ports=1, MaxQ=256, IRQ=20
[   44.515104] scsi 2:0:0:0: Direct-Access     VBOX     HARDDISK         1.0  PQ: 0 ANSI: 5
[   44.669906] scsi target2:0:0: Beginning Domain Validation
[   44.738564] scsi target2:0:0: Domain Validation skipping write tests
[   45.373785] scsi target2:0:0: Ending Domain Validation
[   45.373843] floppy0: no floppy controllers found
[   45.373876] work still pending
[   45.570197] scsi target2:0:0: asynchronous
[   45.610620] scsi 2:0:1:0: Direct-Access     VBOX     HARDDISK         1.0  PQ: 0 ANSI: 5
[   45.654944] scsi target2:0:1: Beginning Domain Validation
[   45.734824] scsi target2:0:1: Domain Validation skipping write tests
[   45.794685] scsi target2:0:1: Ending Domain Validation
[   45.851326] scsi target2:0:1: asynchronous
[   45.938386] sd 2:0:0:0: Attached scsi generic sg0 type 0
[   45.961885] sd 2:0:0:0: [sda] 20971520 512-byte logical blocks: (10.7 GB/10.0 GiB)
[   46.008466] sd 2:0:1:0: Attached scsi generic sg1 type 0
[   46.086384] sd 2:0:1:0: [sdb] 20480 512-byte logical blocks: (10.5 MB/10.0 MiB)
[   46.197416] sd 2:0:0:0: [sda] Write Protect is off
[   46.295331] sd 2:0:1:0: [sdb] Write Protect is off
[   46.396516] sd 2:0:0:0: [sda] Incomplete mode parameter data
[   46.396711] sd 2:0:1:0: [sdb] Incomplete mode parameter data
[   46.396712] sd 2:0:1:0: [sdb] Assuming drive cache: write through
[   46.399560] sd 2:0:1:0: [sdb] Attached SCSI disk
[   46.723827] sd 2:0:0:0: [sda] Assuming drive cache: write through
[   46.810804]  sda: sda1
[   46.826466] sd 2:0:0:0: [sda] Attached SCSI disk
Begin: Loading e[   48.160379] md: linear personality registered for level -1
ssential drivers[   48.238656] md: multipath personality registered for level -4
 ... [   48.248149] md: raid0 personality registered for level 0
[   48.336310] md: raid1 personality registered for level 1
[   48.500035] raid6: sse2x1   gen()  9571 MB/s
[   48.636239] raid6: sse2x1   xor()  7716 MB/s
[   48.783994] raid6: sse2x2   gen() 11298 MB/s
[   48.971991] raid6: sse2x2   xor()  8499 MB/s
[   49.152180] raid6: sse2x4   gen() 14304 MB/s
[   49.284220] raid6: sse2x4   xor()  9669 MB/s
[   49.307818] raid6: using algorithm sse2x4 gen() 14304 MB/s
[   49.333027] raid6: .... xor() 9669 MB/s, rmw enabled
[   49.358040] raid6: using ssse3x2 recovery algorithm
[   49.430840] xor: automatically using best checksumming function:
[   49.548314]    avx       : 25864.000 MB/sec
[   49.621357] async_tx: api initialized (async)
[   49.704250] md: raid6 personality registered for level 6
[   49.778847] md: raid5 personality registered for level 5
[   49.829388] md: raid4 personality registered for level 4
[   49.856199] md: raid10 personality registered for level 10
done.
Begin: Running /scripts/init-premount ... done.
Begin: M[   49.945062] Btrfs loaded
ounting root file system ... Begin: Running /scripts/local-top ... done.
Begin:[   50.005516] EXT4-fs (sda1): mounted filesystem with ordered data mode. Opts: (null)
 Running /scripts/local-premount ... Scanning for Btrfs filesystems
done.
Warning: fsck not present, so skipping root file system
done.
Begin: Running /scripts/local-bottom ... done.
Begin: Running /scripts/init-bottom ... done.
[   0.426]ystemd[1]: sstd 229 runni isystemmode.(+AMAUT ELUXIM +APPARMOR +SMACK +SYSVINIT +UTMP +LIBCRYPTSETUP +GCRYPT +GNUTLS +ACL +XZ -LZ4 +SECCOMP +BLKID +ELFUTILS +KMOD -IDN)
[   50.858620] systemd[1]: Detected virtualization oracle.
[   50.887905] systemd[1]: Detected architecture x86-64.

Welcome to [1mUbuntu 16.04.2 LTS[0m!

[   50.985228] systemd[1]: Set hostname to <ubuntu-xenial>.
[   51.133856] systemd[1]: Created slice System Slice.
[[0;32m  OK  [0m] Created slice System Slice.
[   51.269574] systemd[1]: Listening on /dev/initctl Compatibility Named Pipe.
[[0;32m  OK  [0m] Listening on /dev/initctl Compatibility Named Pipe.
[   51.444467] systemd[1]: Listening on Journal Socket.
[[0;32m  OK  [0m] Listening on Journal Socket.
[   51.530061] systemd[1]: Set up automount Arbitrary Executable File Formats File System Automount Point.
[[0;32m  OK  [0m] Set up automount Arbitrary Executab...ats File System Automount Point.
[   51.660748] systemd[1]: Mounting POSIX Message Queue File System...
         Mounting POSIX Message Queue File System...
[   51.720657] systemd[1]: Starting Set console keymap...
         Starting Set console keymap...
[   51.775273] systemd[1]: Listening on udev Control Socket.
[[0;32m  OK  [0m] Listening on udev Control Socket.
[   51.796534] systemd[1]: Listening on udev Kernel Socket.
[[0;32m  OK  [0m] Listening on udev Kernel Socket.
[   51.920389] systemd[1]: Starting Create list of required static device nodes for the current kernel...
         Starting Create list of required st... nodes for the current kernel...
[   52.088872] systemd[1]: Reached target User and Group Name Lookups.
[[0;32m  OK  [0m] Reached target User and Group Name Lookups.
[   52.200320] systemd[1]: Listening on Journal Socket (/dev/log).
[[0;32m  OK  [0m] Listening on Journal Socket (/dev/log).
[   52.396297] systemd[1]: Starting Remount Root and Kernel File Systems...
[   52.402131] EXT4-fs (sda1): re-mounted. Opts: (null)
         Starting Remount Root and Kernel File Systems...
[   52.636986] systemd[1]: Created slice User and Session Slice.
[[0;32m  OK  [0m] Created slice User and Session Slice.
[   52.688411] systemd[1]: Mounting Huge Pages File System...
         Mounting Huge Pages File System...
[   52.812729] random: nonblocking pool is initialized
[   52.946552] systemd[1]: Reached target Encrypted Volumes.
[[0;32m  OK  [0m] Reached target Encrypted Volumes.
[   53.100759] systemd[1]: Starting Nameserver information manager...
         Starting Nameserver information manager...
[   53.256852] systemd[1]: Listening on LVM2 metadata daemon socket.
[[0;32m  OK  [0m] Listening on LVM2 metadata daemon socket.
[   53.400730] systemd[1]: Starting Load Kernel Modules...
[   .441] adg SCI rapot class v20-70

         Starting Load Kernel Mo[   53.940245] iscsi: registered transport (tcp)
dules...
[   54.004156] systemd[1]: Listening on Device-mapper event daemon FIFOs.
[[0;32m  OK  [0m] Listening on[   54.143050] iscsi: registered transport (iser)
 Device-mapper event daemon FIFOs.
[   54.280603] systemd[1]: Starting Monitoring of LVM2 mirrors, snapshots etc. using dmeventd or progress polling...
         Starting Monitoring of LVM2 mirrors... dmeventd or progress polling...
[   54.533341] systemd[1]: Started Forward Password Requests to Wall Directory Watch.
[[0;32m  OK  [0m] Started Forward Password Requests to Wall Directory Watch.
[   54.716123] systemd[1]: Mounting Debug File System...
         Mounting Debug File System...
[   54.816648] systemd[1]: Created slice system-serial\x2dgetty.slice.
[[0;32m  OK  [0m] Created slice system-serial\x2dgetty.slice.
[   54.928401] systemd[1]: Starting Uncomplicated firewall...
         Starting Uncomplicated firewall...
[   55.089278] systemd[1]: Listening on LVM2 poll daemon socket.
[[0;32m  OK  [0m] Listening on LVM2 poll daemon socket.
[   55.272562] systemd[1]: Reached target Swap.
[[0;32m  OK  [0m] Reached target Swap.
[   55.388444] systemd[1]: Listening on Journal Audit Socket.
[[0;32m  OK  [0m] Listening on Journal Audit Socket.
[   55.532552] systemd[1]: Reached target Slices.
[[0;32m  OK  [0m] Reached target Slices.
[   55.633137] systemd[1]: Listening on Syslog Socket.
[[0;32m  OK  [0m] Listening on Syslog Socket.
[   55.768742] systemd[1]: Starting Journal Service...
         Starting Journal Service...
[   55.795695] systemd[1]: Mounted POSIX Message Queue File System.
[[0;32m  OK  [0m] Mounted POSIX Message Queue File System.
[   55.922588] systemd[1]: Mounted Debug File System.
[[0;32m  OK  [0m] Mounted Debug File System.
[   55.964256] systemd[1]: Mounted Huge Pages File System.
[[0;32m  OK  [0m] Mounted Huge Pages File System.
[   56.007868] systemd[1]: Started Journal Service.
[[0;32m  OK  [0m] Started Journal Service.
[[0;32m  OK  [0m] Started Set console keymap.
[[0;32m  OK  [0m] Started Create list of required sta...ce nodes for the current kernel.
[[0;32m  OK  [0m] Started Remount Root and Kernel File Systems.
[[0;32m  OK  [0m] Started Load Kernel Modules.
[[0;32m  OK  [0m] Started Uncomplicated firewall.
[[0;32m  OK  [0m] Started Nameserver information manager.
[[0;32m  OK  [0m] Started LVM2 metadata daemon.
         Mounting FUSE Control File System...
         Starting Apply Kernel Variables...
         Starting udev Coldplug all Devices...
         Starting Initial cloud-init job (pre-networking)...
         Starting Load/Save Random Seed...
         Starting Create Static Device Nodes in /dev...
         Starting Flush Journal to Persistent Storage...
[[0;32m  OK  [0m] Mounted FUSE Control File System.
[[0;32m  OK  [0m] Started Monitoring of LVM2 mirrors,...ng dmeventd or progress polling.
[[0;32m  OK  [0m] Started Apply Kernel Variables.
[[0;32m  OK  [0m] Started Load/Save Random Seed.
[[0;32m  OK  [0m] Started Create Static Device Nodes in /dev.
[[0;32m  OK  [0m] Started udev Coldplug all Devices.
[[0;32m  OK  [0m] Started Flush Journal to Persistent Storage.
         Starting udev Kernel Device Manager...
[[0;32m  OK  [0m] Started udev Kernel Device Manager.
[[0;32m  OK  [0m] Reached target Local File Systems (Pre).
[[0;32m  OK  [0m] Reached target Local File Systems.
         Starting Tell Plymouth To Write Out Runtime Data...
         Starting Set console font and keymap...
         Starting LSB: AppArmor initialization...
         Starting Create Volatile Files and Directories...
[[   27.407362] cloud-init[450]: Cloud-init v. 0.7.9 running 'init-local' at Sun, 23 Apr 2017 21:37:20 +0000. Up 27.13 seconds.
[0;32m  OK  [0m] Started Dispatch Password Requests to Console Directory Watch.
[[0;32m  OK  [0m] Started Tell Plymouth To Write Out Runtime Data.
[[0;32m  OK  [0m] Started Set console font and keymap.
[[0;32m  OK  [0m] Started Create Volatile Files and Directories.
[[0;32m  OK  [0m] Started Initial cloud-init job (pre-networking).
[[0;32m  OK  [0m] Found device /dev/ttyS0.
[[0;32m  OK  [0m] Listening on Load/Save RF Kill Switch Status /dev/rfkill Watch.
[[0;32m  OK  [0m] Reached target Network (Pre).
         Starting Update UTMP about System Boot/Shutdown...
[[0;32m  OK  [0m] Reached target System Time Synchronized.
[[0;32m  OK  [0m] Created slice system-getty.slice.
[[0;32m  OK  [0m] Started LSB: AppArmor initialization.
[[0;32m  OK  [0m] Started Update UTMP about System Boot/Shutdown.
         Starting Raise network interfaces...
[[0;32m  OK  [0m] Started ifup for enp0s3.
[[0;32m  OK  [0m] Started Raise network interfaces.
[[0;32m  OK  [0m] Reached target Network.
         Starting Initial cloud-init job (metadata service crawler)...
[   30.919187] cloud-init[960]: Cloud-init v. 0.7.9 running 'init' at Sun, 23 Apr 2017 21:37:24 +0000. Up 30.64 seconds.
[   31.000998] [cloud-init[0;32m  OK  [0m[960]: ] ci-info: +++++++++++++++++++++++++++++++++++++Net device info++++++++++++++++++++++++++++++++++++++Started Initial cloud-init job (metadata service crawler).

[   31.001498] cloud-init[960]: ci-info: +--------+------+----------------------------+---------------+-------+-------------------+
[   31.110090] [cloud-init[0;32m  OK  [0m[960]: ] ci-info: | Device |  Up  |          Address           |      Mask     | Scope |     Hw-Address    |Reached target Network is Online.

[   31.110710] cloud-init[960]: ci-info: +--------+------+----------------------------+---------------+-------+-------------------+
[   31.277132]          cloud-initStarting iSCSI initiator daemon (iscsid)...[960]: 
ci-info: | enp0s3 | True |         10.0.2.15          | 255.255.255.0 |   .   | 02:72:60:9c:65:f4 |
[   31.428368] cloud-init[960]: ci-info: | enp0s3 | True | fe80::72:60ff:fe9c:65f4/64 |       .       |  link | 02:72:60:9c:65:f4 |
[[0;32m  OK  [0m] Reached target System Initialization.
[   31.428871] [cloud-init[0;32m  OK  [0m[960]: ] ci-info: |   lo   | True |         127.0.0.1          |   255.0.0.0   |   .   |         .         |Started Daily Cleanup of Temporary Directories.

[   31.498760] [cloud-init[0;32m  OK  [0m[960]: ] ci-info: |   lo   | True |          ::1/128           |       .       |  host |         .         |Started Trigger resolvconf update for networkd DNS.

[   31.710703] [cloud-init[0;32m  OK  [0m[960]: ] ci-info: +--------+------+----------------------------+---------------+-------+-------------------+Started Daily apt activities.

[[0;32m  OK  [0m] Started Timer to automatically refresh installed snaps.
[   31.711159] [[0;32m  OK  [0m] Reached target Timers.
cloud-init[960]: ci-info: +++++++++++++++++++++++++++Route IPv4 info++++++++++++++++++++++++++++
[   31.976441] [cloud-init[0;32m  OK  [0m[960]: ] ci-info: +-------+-------------+----------+---------------+-----------+-------+Listening on D-Bus System Message Bus Socket.

[   32.144316] [cloud-init[0;32m  OK  [0m[960]: ] ci-info: | Route | Destination | Gateway  |    Genmask    | Interface | Flags |Listening on ACPID Listen Socket.

         Starting Socket activation for snappy daemon.
[[0;32m  OK  [0m] Listening on UUID daemon activation socket.
[   32.144673] cloud-init[960]: ci-info: +-------+-------------+----------+---------------+-----------+-------+
[   32.368464]          cloud-initStarting LXD - unix socket.[960]: 
ci-info: |   0   |   0.0.0.0   | 10.0.2.2 |    0.0.0.0    |   enp0s3  |   UG  |
[[0;32m  OK  [0m] Started ACPI Events Check.
[   32.468664] cloud-init[960]: ci-info: |   1   |   10.0.2.0  | 0.0.0.0  | 255.255.255.0 |   enp0s3  |   U   |
[[0;32m  OK  [0m] Reached target Paths.
[[0;32m  OK  [0m] Reached target Cloud-config availability.
[   32.563970] cloud-init[960]: ci-info: +-------+-------------+----------+---------------+-----------+-------+
[[0;32m  OK  [0m] Listening on Socket activation for snappy daemon.
[[0;32m  OK  [0m] Listening on LXD - unix socket.
[[0;32m  OK  [0m] Started iSCSI initiator daemon (iscsid).
         Starting Login to default iSCSI targets...
[[0;32m  OK  [0m] Reached target Sockets.
[[0;32m  OK  [0m] Reached target Basic System.
         Starting System Logging Service...
         Starting Accounts Service...
         Starting Apply the settings specified in cloud-config...
[[0;32m  OK  [0m] Started ACPI event daemon.
[[0;32m  OK  [0m] Started FUSE filesystem for LXC.
         Starting vboxadd.service...
         Starting /etc/rc.local Compatibility...
[[0;32m  OK  [0m] Started Deferred execution scheduler.
         Starting Login Service...
[[0;32m  OK  [0m] Started Regular background program processing daemon.
         Starting LSB: Record successful boot for GRUB...
         Starting vboxadd-x11.service...
[[0;32m  OK  [0m] Started D-Bus System Message Bus.
[   33.405155] cloud-init[1025]: Cloud-init v. 0.7.9 running 'modules:config' at Sun, 23 Apr 2017 21:37:26 +0000. Up 33.29 seconds.
         Starting LSB: MD monitoring daemon...
         Starting LXD - container startup/shutdown...
         Starting OpenBSD Secure Shell server...
[[0;32m  OK  [0m] Started Snappy daemon.
         Starting Auto import assertions from block devices...
[[0;32m  OK  [0m] Started System Logging Service.
[[0;32m  OK  [0m] Started OpenBSD Secure Shell server.
[[0;32m  OK  [0m] Started Apply the settings specified in cloud-config.
[[0;32m  OK  [0m] Started vboxadd.service.
[[0;32m  OK  [0m] Started /etc/rc.local Compatibility.
[[0;32m  OK  [0m] Started vboxadd-x11.service.
[[0;32m  OK  [0m] Started LXD - container startup/shutdown.
[[0;32m  OK  [0m] Started Auto import assertions from block devices.
[[0;32m  OK  [0m] Started Login to default iSCSI targets.
[[0;32m  OK  [0m] Started LSB: Record successful boot for GRUB.
[[0;32m  OK  [0m] Started LSB: MD monitoring daemon.
[[0;32m  OK  [0m] Started Login Service.
         Starting Authenticate and Authorize Users to Run Privileged Tasks...
[[0;32m  OK  [0m] Reached target Remote File Systems (Pre).
[[0;32m  OK  [0m] Reached target Remote File Systems.
         Starting LSB: Set the CPU Frequency Scaling governor to "ondemand"...
         Starting LSB: automatic crash report generation...
         Starting Permit User Sessions...
         Starting LSB: daemon to balance interrupts for SMP systems...
         Starting vboxadd-service.service...
[[0;32m  OK  [0m] Started Permit User Sessions.
[[0;32m  OK  [0m] Started vboxadd-service.service.
[[0;32m  OK  [0m] Started Authenticate and Authorize Users to Run Privileged Tasks.
[[0;32m  OK  [0m] Started Accounts Service.
[[0;32m  OK  [0m] Started LSB: Set the CPU Frequency Scaling governor to "ondemand".
[[0;32m  OK  [0m] Started LSB: automatic crash report generation.
[[0;32m  OK  [0m] Created slice User Slice of ubuntu.
[[0;32m  OK  [0m] Started Session 1 of user ubuntu.
         Starting User Manager for UID 1000...
         Starting Terminate Plymouth Boot Screen...
         Starting Hold until boot process finishes up...
[[0;32m  OK  [0m] Started User Manager for UID 1000.
[[0;32m  OK  [0m] Started LSB: daemon to balance interrupts for SMP systems.
[[0;32m  OK  [0m] Started Terminate Plymouth Boot Screen.
[[0;32m  OK  [0m] Started Hold until boot process finishes up.
         Starting Set console scheme...
[[0;32m  OK  [0m] Started Serial Getty on ttyS0.
[[0;32m  OK  [0m] Started Getty on tty1.
[[0;32m  OK  [0m] Reached target Login Prompts.
[[0;32m  OK  [0m] Reached target Multi-User System.
[[0;32m  OK  [0m] Reached target Graphical Interface.
         Starting Execute cloud user/final scripts...
         Starting Update UTMP about System Runlevel Changes...
[[0;32m  OK  [0m] Started Set console scheme.
[[0;32m  OK  [0m] Started Update UTMP about System Runlevel Changes.
[   36.215371] cloud-init[1270]: Cloud-init v. 0.7.9 running 'modules:final' at Sun, 23 Apr 2017 21:37:29 +0000. Up 36.11 seconds.
[   36.273206] [cloud-init[0;32m  OK  [0m[1270]: ] Cloud-init v. 0.7.9 finished at Sun, 23 Apr 2017 21:37:29 +0000. Datasource DataSourceNoCloud [seed=/dev/sdb][dsmode=net].  Up 36.21 secondsStarted Execute cloud user/final scripts.

[[0;32m  OK  [0m] Reached target Cloud-init target.

Ubuntu 16.04.2 LTS ubuntu-xenial ttyS0

ubuntu-xenial login: 